# JRE version: OpenJDK Runtime Environment (8.0_111-b14) (build 1.8.0_111-8u111-b14-2ubuntu0.16.04.2-b14)
# Java VM: OpenJDK 64-Bit Server VM (25.111-b14 mixed mode linux-amd64 compressed oops)
Heap:
 PSYoungGen      total 76288K, used 7229K [0x00000000d6800000, 0x00000000dbe00000, 0x0000000100000000)
  eden space 65024K, 0% used [0x00000000d6800000,0x00000000d6800000,0x00000000da780000)
  from space 11264K, 64% used [0x00000000da780000,0x00000000dae8f7b0,0x00000000db280000)
  to   space 10752K, 0% used [0x00000000db280000,0x00000000db280000,0x00000000dbd00000)
 ParOldGen       total 86016K, used 12186K [0x0000000083800000, 0x0000000088c00000, 0x00000000d6800000)
  object space 86016K, 14% used [0x0000000083800000,0x00000000843e6ab0,0x0000000088c00000)
 Metaspace       used 20663K, capacity 21130K, committed 21296K, reserved 1069056K
  class space    used 2476K, capacity 2620K, committed 2688K, reserved 1048576K
GC Heap History (10 events):
Event: 57.442 GC heap after
Heap after GC invocations=2 (full 0):
 PSYoungGen      total 37888K, used 5117K [0x00000000d6800000, 0x00000000d9200000, 0x0000000100000000)
  eden space 32768K, 0% used [0x00000000d6800000,0x00000000d6800000,0x00000000d8800000)
  from space 5120K, 99% used [0x00000000d8d00000,0x00000000d91ff550,0x00000000d9200000)
  to   space 5120K, 0% used [0x00000000d8800000,0x00000000d8800000,0x00000000d8d00000)
 ParOldGen       total 86016K, used 1589K [0x0000000083800000, 0x0000000088c00000, 0x00000000d6800000)
  object space 86016K, 1% used [0x0000000083800000,0x000000008398d450,0x0000000088c00000)
 Metaspace       used 12928K, capacity 13198K, committed 13440K, reserved 1060864K
  class space    used 1550K, capacity 1649K, committed 1664K, reserved 1048576K
}
Event: 117.856 GC heap before
{Heap before GC invocations=3 (full 0):
 PSYoungGen      total 37888K, used 37885K [0x00000000d6800000, 0x00000000d9200000, 0x0000000100000000)
  eden space 32768K, 100% used [0x00000000d6800000,0x00000000d8800000,0x00000000d8800000)
  from space 5120K, 99% used [0x00000000d8d00000,0x00000000d91ff550,0x00000000d9200000)
  to   space 5120K, 0% used [0x00000000d8800000,0x00000000d8800000,0x00000000d8d00000)
 ParOldGen       total 86016K, used 1589K [0x0000000083800000, 0x0000000088c00000, 0x00000000d6800000)
  object space 86016K, 1% used [0x0000000083800000,0x000000008398d450,0x0000000088c00000)
 Metaspace       used 13491K, capacity 13720K, committed 14080K, reserved 1060864K
  class space    used 1592K, capacity 1688K, committed 1792K, reserved 1048576K
Event: 117.890 GC heap after
Heap after GC invocations=3 (full 0):
 PSYoungGen      total 37888K, used 5120K [0x00000000d6800000, 0x00000000d9200000, 0x0000000100000000)
  eden space 32768K, 0% used [0x00000000d6800000,0x00000000d6800000,0x00000000d8800000)
  from space 5120K, 100% used [0x00000000d8800000,0x00000000d8d00000,0x00000000d8d00000)
  to   space 5120K, 0% used [0x00000000d8d00000,0x00000000d8d00000,0x00000000d9200000)
 ParOldGen       total 86016K, used 2100K [0x0000000083800000, 0x0000000088c00000, 0x00000000d6800000)
  object space 86016K, 2% used [0x0000000083800000,0x0000000083a0d2e0,0x0000000088c00000)
 Metaspace       used 13491K, capacity 13720K, committed 14080K, reserved 1060864K
  class space    used 1592K, capacity 1688K, committed 1792K, reserved 1048576K
}
Event: 119.422 GC heap before
{Heap before GC invocations=4 (full 0):
 PSYoungGen      total 37888K, used 37888K [0x00000000d6800000, 0x00000000d9200000, 0x0000000100000000)
  eden space 32768K, 100% used [0x00000000d6800000,0x00000000d8800000,0x00000000d8800000)
  from space 5120K, 100% used [0x00000000d8800000,0x00000000d8d00000,0x00000000d8d00000)
  to   space 5120K, 0% used [0x00000000d8d00000,0x00000000d8d00000,0x00000000d9200000)
 ParOldGen       total 86016K, used 2100K [0x0000000083800000, 0x0000000088c00000, 0x00000000d6800000)
  object space 86016K, 2% used [0x0000000083800000,0x0000000083a0d2e0,0x0000000088c00000)
 Metaspace       used 15797K, capacity 16148K, committed 16384K, reserved 1062912K
  class space    used 1890K, capacity 2032K, committed 2048K, reserved 1048576K
Event: 119.447 GC heap after
Heap after GC invocations=4 (full 0):
 PSYoungGen      total 37888K, used 5088K [0x00000000d6800000, 0x00000000d9200000, 0x0000000100000000)
  eden space 32768K, 0% used [0x00000000d6800000,0x00000000d6800000,0x00000000d8800000)
  from space 5120K, 99% used [0x00000000d8d00000,0x00000000d91f8020,0x00000000d9200000)
  to   space 5120K, 0% used [0x00000000d8800000,0x00000000d8800000,0x00000000d8d00000)
 ParOldGen       total 86016K, used 4178K [0x0000000083800000, 0x0000000088c00000, 0x00000000d6800000)
  object space 86016K, 4% used [0x0000000083800000,0x0000000083c14b68,0x0000000088c00000)
 Metaspace       used 15797K, capacity 16148K, committed 16384K, reserved 1062912K
  class space    used 1890K, capacity 2032K, committed 2048K, reserved 1048576K
}
Event: 120.375 GC heap before
{Heap before GC invocations=5 (full 0):
 PSYoungGen      total 37888K, used 37856K [0x00000000d6800000, 0x00000000d9200000, 0x0000000100000000)
  eden space 32768K, 100% used [0x00000000d6800000,0x00000000d8800000,0x00000000d8800000)
  from space 5120K, 99% used [0x00000000d8d00000,0x00000000d91f8020,0x00000000d9200000)
  to   space 5120K, 0% used [0x00000000d8800000,0x00000000d8800000,0x00000000d8d00000)
 ParOldGen       total 86016K, used 4178K [0x0000000083800000, 0x0000000088c00000, 0x00000000d6800000)
  object space 86016K, 4% used [0x0000000083800000,0x0000000083c14b68,0x0000000088c00000)
 Metaspace       used 18277K, capacity 18612K, committed 18816K, reserved 1064960K
  class space    used 2194K, capacity 2320K, committed 2432K, reserved 1048576K
Event: 120.497 GC heap after
Heap after GC invocations=5 (full 0):
 PSYoungGen      total 37888K, used 5088K [0x00000000d6800000, 0x00000000dbd00000, 0x0000000100000000)
  eden space 32768K, 0% used [0x00000000d6800000,0x00000000d6800000,0x00000000d8800000)
  from space 5120K, 99% used [0x00000000d8800000,0x00000000d8cf8020,0x00000000d8d00000)
  to   space 10752K, 0% used [0x00000000db280000,0x00000000db280000,0x00000000dbd00000)
 ParOldGen       total 86016K, used 9684K [0x0000000083800000, 0x0000000088c00000, 0x00000000d6800000)
  object space 86016K, 11% used [0x0000000083800000,0x0000000084175220,0x0000000088c00000)
 Metaspace       used 18277K, capacity 18612K, committed 18816K, reserved 1064960K
  class space    used 2194K, capacity 2320K, committed 2432K, reserved 1048576K
}
Event: 137.077 GC heap before
{Heap before GC invocations=6 (full 0):
 PSYoungGen      total 37888K, used 37856K [0x00000000d6800000, 0x00000000dbd00000, 0x0000000100000000)
  eden space 32768K, 100% used [0x00000000d6800000,0x00000000d8800000,0x00000000d8800000)
  from space 5120K, 99% used [0x00000000d8800000,0x00000000d8cf8020,0x00000000d8d00000)
  to   space 10752K, 0% used [0x00000000db280000,0x00000000db280000,0x00000000dbd00000)
 ParOldGen       total 86016K, used 9684K [0x0000000083800000, 0x0000000088c00000, 0x00000000d6800000)
  object space 86016K, 11% used [0x0000000083800000,0x0000000084175220,0x0000000088c00000)
 Metaspace       used 19486K, capacity 19980K, committed 20224K, reserved 1067008K
  class space    used 2313K, capacity 2451K, committed 2560K, reserved 1048576K
Event: 138.621 GC heap after
Heap after GC invocations=6 (full 0):
 PSYoungGen      total 75776K, used 8759K [0x00000000d6800000, 0x00000000dbe00000, 0x0000000100000000)
  eden space 65024K, 0% used [0x00000000d6800000,0x00000000d6800000,0x00000000da780000)
  from space 10752K, 81% used [0x00000000db280000,0x00000000dbb0de78,0x00000000dbd00000)
  to   space 11264K, 0% used [0x00000000da780000,0x00000000da780000,0x00000000db280000)
 ParOldGen       total 86016K, used 9684K [0x0000000083800000, 0x0000000088c00000, 0x00000000d6800000)
  object space 86016K, 11% used [0x0000000083800000,0x0000000084175220,0x0000000088c00000)
 Metaspace       used 19486K, capacity 19980K, committed 20224K, reserved 1067008K
  class space    used 2313K, capacity 2451K, committed 2560K, reserved 1048576K
}
Event: 333.010 GC heap before
{Heap before GC invocations=7 (full 0):
 PSYoungGen      total 75776K, used 20448K [0x00000000d6800000, 0x00000000dbe00000, 0x0000000100000000)
  eden space 65024K, 17% used [0x00000000d6800000,0x00000000d736a240,0x00000000da780000)
  from space 10752K, 81% used [0x00000000db280000,0x00000000dbb0de78,0x00000000dbd00000)
  to   space 11264K, 0% used [0x00000000da780000,0x00000000da780000,0x00000000db280000)
 ParOldGen       total 86016K, used 9684K [0x0000000083800000, 0x0000000088c00000, 0x00000000d6800000)
  object space 86016K, 11% used [0x0000000083800000,0x0000000084175220,0x0000000088c00000)
 Metaspace       used 20663K, capacity 21130K, committed 21296K, reserved 1069056K
  class space    used 2476K, capacity 2620K, committed 2688K, reserved 1048576K

