# JRE version: OpenJDK Runtime Environment (8.0_111-b14) (build 1.8.0_111-8u111-b14-2ubuntu0.16.04.2-b14)
# Java VM: OpenJDK 64-Bit Server VM (25.111-b14 mixed mode linux-amd64 compressed oops)
Heap:
 PSYoungGen      total 136192K, used 5116K [0x00000000d6800000, 0x00000000df200000, 0x0000000100000000)
  eden space 131072K, 0% used [0x00000000d6800000,0x00000000d6800000,0x00000000de800000)
  from space 5120K, 99% used [0x00000000de800000,0x00000000decff1c8,0x00000000ded00000)
  to   space 5120K, 0% used [0x00000000ded00000,0x00000000ded00000,0x00000000df200000)
 ParOldGen       total 86016K, used 14937K [0x0000000083800000, 0x0000000088c00000, 0x00000000d6800000)
  object space 86016K, 17% used [0x0000000083800000,0x0000000084696740,0x0000000088c00000)
 Metaspace       used 20651K, capacity 21130K, committed 21296K, reserved 1069056K
  class space    used 2464K, capacity 2620K, committed 2688K, reserved 1048576K
GC Heap History (9 events):
Event: 1.912 GC heap before
{Heap before GC invocations=1 (full 0):
 PSYoungGen      total 37888K, used 32768K [0x00000000d6800000, 0x00000000d9200000, 0x0000000100000000)
  eden space 32768K, 100% used [0x00000000d6800000,0x00000000d8800000,0x00000000d8800000)
  from space 5120K, 0% used [0x00000000d8d00000,0x00000000d8d00000,0x00000000d9200000)
  to   space 5120K, 0% used [0x00000000d8800000,0x00000000d8800000,0x00000000d8d00000)
 ParOldGen       total 86016K, used 0K [0x0000000083800000, 0x0000000088c00000, 0x00000000d6800000)
  object space 86016K, 0% used [0x0000000083800000,0x0000000083800000,0x0000000088c00000)
 Metaspace       used 7573K, capacity 7682K, committed 7936K, reserved 1056768K
  class space    used 925K, capacity 985K, committed 1024K, reserved 1048576K
Event: 1.934 GC heap after
Heap after GC invocations=1 (full 0):
 PSYoungGen      total 37888K, used 4345K [0x00000000d6800000, 0x00000000db200000, 0x0000000100000000)
  eden space 32768K, 0% used [0x00000000d6800000,0x00000000d6800000,0x00000000d8800000)
  from space 5120K, 84% used [0x00000000d8800000,0x00000000d8c3e490,0x00000000d8d00000)
  to   space 5120K, 0% used [0x00000000dad00000,0x00000000dad00000,0x00000000db200000)
 ParOldGen       total 86016K, used 8K [0x0000000083800000, 0x0000000088c00000, 0x00000000d6800000)
  object space 86016K, 0% used [0x0000000083800000,0x0000000083802000,0x0000000088c00000)
 Metaspace       used 7573K, capacity 7682K, committed 7936K, reserved 1056768K
  class space    used 925K, capacity 985K, committed 1024K, reserved 1048576K
}
Event: 3.736 GC heap before
{Heap before GC invocations=2 (full 0):
 PSYoungGen      total 37888K, used 37113K [0x00000000d6800000, 0x00000000db200000, 0x0000000100000000)
  eden space 32768K, 100% used [0x00000000d6800000,0x00000000d8800000,0x00000000d8800000)
  from space 5120K, 84% used [0x00000000d8800000,0x00000000d8c3e490,0x00000000d8d00000)
  to   space 5120K, 0% used [0x00000000dad00000,0x00000000dad00000,0x00000000db200000)
 ParOldGen       total 86016K, used 8K [0x0000000083800000, 0x0000000088c00000, 0x00000000d6800000)
  object space 86016K, 0% used [0x0000000083800000,0x0000000083802000,0x0000000088c00000)
 Metaspace       used 12903K, capacity 13134K, committed 13184K, reserved 1060864K
  class space    used 1551K, capacity 1649K, committed 1664K, reserved 1048576K
Event: 3.793 GC heap after
Heap after GC invocations=2 (full 0):
 PSYoungGen      total 70656K, used 5096K [0x00000000d6800000, 0x00000000db200000, 0x0000000100000000)
  eden space 65536K, 0% used [0x00000000d6800000,0x00000000d6800000,0x00000000da800000)
  from space 5120K, 99% used [0x00000000dad00000,0x00000000db1fa0a0,0x00000000db200000)
  to   space 5120K, 0% used [0x00000000da800000,0x00000000da800000,0x00000000dad00000)
 ParOldGen       total 86016K, used 1863K [0x0000000083800000, 0x0000000088c00000, 0x00000000d6800000)
  object space 86016K, 2% used [0x0000000083800000,0x00000000839d1d30,0x0000000088c00000)
 Metaspace       used 12903K, capacity 13134K, committed 13184K, reserved 1060864K
  class space    used 1551K, capacity 1649K, committed 1664K, reserved 1048576K
}
Event: 7.390 GC heap before
{Heap before GC invocations=3 (full 0):
 PSYoungGen      total 70656K, used 70632K [0x00000000d6800000, 0x00000000db200000, 0x0000000100000000)
  eden space 65536K, 100% used [0x00000000d6800000,0x00000000da800000,0x00000000da800000)
  from space 5120K, 99% used [0x00000000dad00000,0x00000000db1fa0a0,0x00000000db200000)
  to   space 5120K, 0% used [0x00000000da800000,0x00000000da800000,0x00000000dad00000)
 ParOldGen       total 86016K, used 1863K [0x0000000083800000, 0x0000000088c00000, 0x00000000d6800000)
  object space 86016K, 2% used [0x0000000083800000,0x00000000839d1d30,0x0000000088c00000)
 Metaspace       used 16119K, capacity 16436K, committed 16768K, reserved 1064960K
  class space    used 1928K, capacity 2064K, committed 2176K, reserved 1048576K
Event: 7.450 GC heap after
Heap after GC invocations=3 (full 0):
 PSYoungGen      total 70656K, used 5088K [0x00000000d6800000, 0x00000000df200000, 0x0000000100000000)
  eden space 65536K, 0% used [0x00000000d6800000,0x00000000d6800000,0x00000000da800000)
  from space 5120K, 99% used [0x00000000da800000,0x00000000dacf8040,0x00000000dad00000)
  to   space 5120K, 0% used [0x00000000ded00000,0x00000000ded00000,0x00000000df200000)
 ParOldGen       total 86016K, used 4471K [0x0000000083800000, 0x0000000088c00000, 0x00000000d6800000)
  object space 86016K, 5% used [0x0000000083800000,0x0000000083c5dc28,0x0000000088c00000)
 Metaspace       used 16119K, capacity 16436K, committed 16768K, reserved 1064960K
  class space    used 1928K, capacity 2064K, committed 2176K, reserved 1048576K
}
Event: 10.398 GC heap before
{Heap before GC invocations=4 (full 0):
 PSYoungGen      total 70656K, used 70624K [0x00000000d6800000, 0x00000000df200000, 0x0000000100000000)
  eden space 65536K, 100% used [0x00000000d6800000,0x00000000da800000,0x00000000da800000)
  from space 5120K, 99% used [0x00000000da800000,0x00000000dacf8040,0x00000000dad00000)
  to   space 5120K, 0% used [0x00000000ded00000,0x00000000ded00000,0x00000000df200000)
 ParOldGen       total 86016K, used 4471K [0x0000000083800000, 0x0000000088c00000, 0x00000000d6800000)
  object space 86016K, 5% used [0x0000000083800000,0x0000000083c5dc28,0x0000000088c00000)
 Metaspace       used 19532K, capacity 19980K, committed 20224K, reserved 1067008K
  class space    used 2312K, capacity 2451K, committed 2560K, reserved 1048576K
Event: 10.556 GC heap after
Heap after GC invocations=4 (full 0):
 PSYoungGen      total 136192K, used 5100K [0x00000000d6800000, 0x00000000df200000, 0x0000000100000000)
  eden space 131072K, 0% used [0x00000000d6800000,0x00000000d6800000,0x00000000de800000)
  from space 5120K, 99% used [0x00000000ded00000,0x00000000df1fb1f8,0x00000000df200000)
  to   space 5120K, 0% used [0x00000000de800000,0x00000000de800000,0x00000000ded00000)
 ParOldGen       total 86016K, used 13606K [0x0000000083800000, 0x0000000088c00000, 0x00000000d6800000)
  object space 86016K, 15% used [0x0000000083800000,0x0000000084549820,0x0000000088c00000)
 Metaspace       used 19532K, capacity 19980K, committed 20224K, reserved 1067008K
  class space    used 2312K, capacity 2451K, committed 2560K, reserved 1048576K
}
Event: 32.995 GC heap before
{Heap before GC invocations=5 (full 0):
 PSYoungGen      total 136192K, used 15834K [0x00000000d6800000, 0x00000000df200000, 0x0000000100000000)
  eden space 131072K, 8% used [0x00000000d6800000,0x00000000d727b7d8,0x00000000de800000)
  from space 5120K, 99% used [0x00000000ded00000,0x00000000df1fb1f8,0x00000000df200000)
  to   space 5120K, 0% used [0x00000000de800000,0x00000000de800000,0x00000000ded00000)
 ParOldGen       total 86016K, used 13606K [0x0000000083800000, 0x0000000088c00000, 0x00000000d6800000)
  object space 86016K, 15% used [0x0000000083800000,0x0000000084549820,0x0000000088c00000)
 Metaspace       used 20651K, capacity 21130K, committed 21296K, reserved 1069056K
  class space    used 2464K, capacity 2620K, committed 2688K, reserved 1048576K

